<?xml version="1.0" encoding="utf-8"?><testsuites name="pytest tests"><testsuite name="pytest" errors="0" failures="0" skipped="0" tests="82" time="21.780" timestamp="2026-05-12T16:08:01.173805+00:00" hostname="agent-env-3eb4a8bf-8bb7-4032-a177-30655c29f131"><testcase classname="backend.tests.backend_test.TestAuth" name="test_root" time="0.406" /><testcase classname="backend.tests.backend_test.TestAuth" name="test_login_invalid" time="0.419" /><testcase classname="backend.tests.backend_test.TestAuth" name="test_login_admin_success" time="0.366" /><testcase classname="backend.tests.backend_test.TestAuth" name="test_login_sets_cookies" time="0.345" /><testcase classname="backend.tests.backend_test.TestAuth" name="test_me_authenticated" time="0.184" /><testcase classname="backend.tests.backend_test.TestAuth" name="test_me_unauthenticated" time="0.156" /><testcase classname="backend.tests.backend_test.TestAuth" name="test_register_personel" time="0.371" /><testcase classname="backend.tests.backend_test.TestAuth" name="test_register_rapor" time="0.369" /><testcase classname="backend.tests.backend_test.TestAuth" name="test_register_duplicate" time="0.118" /><testcase classname="backend.tests.backend_test.TestAuth" name="test_logout" time="0.146" /><testcase classname="backend.tests.backend_test.TestProducts" name="test_create_product" time="0.131" /><testcase classname="backend.tests.backend_test.TestProducts" name="test_create_duplicate_code" time="0.180" /><testcase classname="backend.tests.backend_test.TestProducts" name="test_list_products" time="0.135" /><testcase classname="backend.tests.backend_test.TestProducts" name="test_update_product_stock_creates_movement" time="0.438" /><testcase classname="backend.tests.backend_test.TestProducts" name="test_personel_cannot_delete" time="0.120" /><testcase classname="backend.tests.backend_test.TestProducts" name="test_rapor_cannot_create" time="0.132" /><testcase classname="backend.tests.backend_test.TestCustomers" name="test_create_customer" time="0.193" /><testcase classname="backend.tests.backend_test.TestCustomers" name="test_get_customer_with_sales" time="0.166" /><testcase classname="backend.tests.backend_test.TestCustomers" name="test_update_customer" time="0.126" /><testcase classname="backend.tests.backend_test.TestProductions" name="test_create_production_increments_stock" time="0.622" /><testcase classname="backend.tests.backend_test.TestSales" name="test_create_sale_decrements_stock" time="0.394" /><testcase classname="backend.tests.backend_test.TestSales" name="test_insufficient_stock" time="0.121" /><testcase classname="backend.tests.backend_test.TestStock" name="test_adjust_positive" time="0.129" /><testcase classname="backend.tests.backend_test.TestStock" name="test_adjust_negative" time="0.129" /><testcase classname="backend.tests.backend_test.TestStock" name="test_adjust_negative_rejected" time="0.158" /><testcase classname="backend.tests.backend_test.TestStock" name="test_list_movements_filter" time="0.123" /><testcase classname="backend.tests.backend_test.TestDashboardReports" name="test_dashboard_summary" time="0.131" /><testcase classname="backend.tests.backend_test.TestDashboardReports" name="test_report_stock" time="0.137" /><testcase classname="backend.tests.backend_test.TestDashboardReports" name="test_report_category" time="0.115" /><testcase classname="backend.tests.backend_test.TestDashboardReports" name="test_report_production" time="0.131" /><testcase classname="backend.tests.backend_test.TestDashboardReports" name="test_report_sales" time="0.121" /><testcase classname="backend.tests.backend_test.TestUsers" name="test_list_users_admin" time="0.128" /><testcase classname="backend.tests.backend_test.TestUsers" name="test_list_users_non_admin_forbidden" time="0.136" /><testcase classname="backend.tests.backend_test.TestUsers" name="test_update_user_role" time="0.134" /><testcase classname="backend.tests.backend_test.TestUsers" name="test_admin_cannot_delete_self" time="0.237" /><testcase classname="backend.tests.backend_test.TestUsers" name="test_delete_user" time="0.151" /><testcase classname="backend.tests.backend_test.TestZCleanup" name="test_soft_delete_product" time="0.256" /><testcase classname="backend.tests.backend_test.TestZCleanup" name="test_soft_delete_customer" time="0.128" /><testcase classname="backend.tests.test_company_profile.TestCompanyGetPublic" name="test_get_company_no_auth" time="0.600" /><testcase classname="backend.tests.test_company_profile.TestCompanyGetPublic" name="test_default_name_after_reset" time="0.069" /><testcase classname="backend.tests.test_company_profile.TestCompanyUpdate" name="test_put_requires_auth" time="0.059" /><testcase classname="backend.tests.test_company_profile.TestCompanyUpdate" name="test_put_admin_updates_and_persists" time="0.135" /><testcase classname="backend.tests.test_company_profile.TestCompanyUpdate" name="test_put_validation_empty_name" time="0.058" /><testcase classname="backend.tests.test_company_profile.TestCompanyLogo" name="test_get_logo_404_when_absent" time="0.125" /><testcase classname="backend.tests.test_company_profile.TestCompanyLogo" name="test_upload_logo_requires_auth" time="0.064" /><testcase classname="backend.tests.test_company_profile.TestCompanyLogo" name="test_upload_rejects_non_image" time="0.061" /><testcase classname="backend.tests.test_company_profile.TestCompanyLogo" name="test_upload_rejects_oversize" time="0.240" /><testcase classname="backend.tests.test_company_profile.TestCompanyLogo" name="test_upload_and_fetch_logo" time="0.395" /><testcase classname="backend.tests.test_company_profile.TestCompanyLogo" name="test_delete_logo" time="0.310" /><testcase classname="backend.tests.test_company_profile.TestPdfReceipt" name="test_receipt_uses_company_name_and_logo" time="0.728" /><testcase classname="backend.tests.test_new_features.TestForgotPassword" name="test_forgot_password_valid_email_returns_dev_token" time="0.500" /><testcase classname="backend.tests.test_new_features.TestForgotPassword" name="test_forgot_password_nonexistent_email_no_enumeration" time="0.117" /><testcase classname="backend.tests.test_new_features.TestForgotPassword" name="test_forgot_password_invalid_email_format" time="0.143" /><testcase classname="backend.tests.test_new_features.TestResetPassword" name="test_reset_password_short_password_rejected" time="0.255" /><testcase classname="backend.tests.test_new_features.TestResetPassword" name="test_reset_password_invalid_token" time="0.131" /><testcase classname="backend.tests.test_new_features.TestResetPassword" name="test_reset_password_valid_token_updates_password" time="1.182" /><testcase classname="backend.tests.test_new_features.TestResetPassword" name="test_reset_password_already_used_token" time="0.117" /><testcase classname="backend.tests.test_new_features.TestSalesReceipt" name="test_receipt_pdf_authenticated" time="0.967" /><testcase classname="backend.tests.test_new_features.TestSalesReceipt" name="test_receipt_pdf_unauthenticated" time="0.119" /><testcase classname="backend.tests.test_new_features.TestSalesReceipt" name="test_receipt_pdf_invalid_id" time="0.488" /><testcase classname="backend.tests.test_permissions_excel.TestPermissionsEndpoint" name="test_permissions_list" time="0.451" /><testcase classname="backend.tests.test_permissions_excel.TestPermissionsEndpoint" name="test_permissions_requires_auth" time="0.126" /><testcase classname="backend.tests.test_permissions_excel.TestAuthMePermissions" name="test_admin_has_all_perms" time="0.137" /><testcase classname="backend.tests.test_permissions_excel.TestAuthMePermissions" name="test_personel_has_default_perms" time="0.863" /><testcase classname="backend.tests.test_permissions_excel.TestAuthMePermissions" name="test_rapor_has_view_only_defaults" time="0.822" /><testcase classname="backend.tests.test_permissions_excel.TestRegisterDefaults" name="test_register_personel_has_default_perms" time="0.647" /><testcase classname="backend.tests.test_permissions_excel.TestUpdateUserPermissions" name="test_admin_can_set_custom_permissions" time="0.263" /><testcase classname="backend.tests.test_permissions_excel.TestUpdateUserPermissions" name="test_invalid_permission_key_rejected" time="0.128" /><testcase classname="backend.tests.test_permissions_excel.TestUpdateUserPermissions" name="test_non_admin_cannot_update_users" time="0.137" /><testcase classname="backend.tests.test_permissions_excel.TestPermissionGatedCRUD" name="test_personel_can_create_product" time="0.144" /><testcase classname="backend.tests.test_permissions_excel.TestPermissionGatedCRUD" name="test_personel_cannot_delete_product_by_default" time="0.662" /><testcase classname="backend.tests.test_permissions_excel.TestPermissionGatedCRUD" name="test_rapor_cannot_create_product" time="0.120" /><testcase classname="backend.tests.test_permissions_excel.TestExcelExports" name="test_export_unauth[/export/products.xlsx]" time="0.114" /><testcase classname="backend.tests.test_permissions_excel.TestExcelExports" name="test_export_unauth[/export/stock.xlsx]" time="0.119" /><testcase classname="backend.tests.test_permissions_excel.TestExcelExports" name="test_export_unauth[/export/sales.xlsx]" time="0.101" /><testcase classname="backend.tests.test_permissions_excel.TestExcelExports" name="test_export_unauth[/export/productions.xlsx]" time="0.116" /><testcase classname="backend.tests.test_permissions_excel.TestExcelExports" name="test_export_admin_returns_xlsx[/export/products.xlsx-urunler.xlsx]" time="0.139" /><testcase classname="backend.tests.test_permissions_excel.TestExcelExports" name="test_export_admin_returns_xlsx[/export/stock.xlsx-stok-raporu.xlsx]" time="0.129" /><testcase classname="backend.tests.test_permissions_excel.TestExcelExports" name="test_export_admin_returns_xlsx[/export/sales.xlsx-satislar.xlsx]" time="0.127" /><testcase classname="backend.tests.test_permissions_excel.TestExcelExports" name="test_export_admin_returns_xlsx[/export/productions.xlsx-uretim.xlsx]" time="0.148" /><testcase classname="backend.tests.test_permissions_excel.TestExcelExports" name="test_rapor_can_export_view_endpoints" time="0.554" /><testcase classname="backend.tests.test_permissions_excel.TestExcelExports" name="test_export_products_without_view_perm" time="0.790" /></testsuite></testsuites>