<?xml version="1.0" encoding="utf-8"?><testsuites name="pytest tests"><testsuite name="pytest" errors="0" failures="0" skipped="0" tests="12" time="3.369" timestamp="2026-05-12T16:07:47.285795+00:00" hostname="agent-env-3eb4a8bf-8bb7-4032-a177-30655c29f131"><testcase classname="backend.tests.test_company_profile.TestCompanyGetPublic" name="test_get_company_no_auth" time="0.754" /><testcase classname="backend.tests.test_company_profile.TestCompanyGetPublic" name="test_default_name_after_reset" time="0.067" /><testcase classname="backend.tests.test_company_profile.TestCompanyUpdate" name="test_put_requires_auth" time="0.071" /><testcase classname="backend.tests.test_company_profile.TestCompanyUpdate" name="test_put_admin_updates_and_persists" time="0.135" /><testcase classname="backend.tests.test_company_profile.TestCompanyUpdate" name="test_put_validation_empty_name" time="0.060" /><testcase classname="backend.tests.test_company_profile.TestCompanyLogo" name="test_get_logo_404_when_absent" time="0.128" /><testcase classname="backend.tests.test_company_profile.TestCompanyLogo" name="test_upload_logo_requires_auth" time="0.073" /><testcase classname="backend.tests.test_company_profile.TestCompanyLogo" name="test_upload_rejects_non_image" time="0.074" /><testcase classname="backend.tests.test_company_profile.TestCompanyLogo" name="test_upload_rejects_oversize" time="0.305" /><testcase classname="backend.tests.test_company_profile.TestCompanyLogo" name="test_upload_and_fetch_logo" time="0.371" /><testcase classname="backend.tests.test_company_profile.TestCompanyLogo" name="test_delete_logo" time="0.313" /><testcase classname="backend.tests.test_company_profile.TestPdfReceipt" name="test_receipt_uses_company_name_and_logo" time="0.932" /></testsuite></testsuites>