<?xml version="1.0" encoding="utf-8"?><testsuites name="pytest tests"><testsuite name="pytest" errors="0" failures="0" skipped="0" tests="15" time="3.236" timestamp="2026-05-12T22:00:42.475452+00:00" hostname="agent-env-3eb4a8bf-8bb7-4032-a177-30655c29f131"><testcase classname="backend.tests.test_iteration6.TestDashboardCategoryFields" name="test_dashboard_returns_category_weight_array" time="0.564" /><testcase classname="backend.tests.test_iteration6.TestDashboardCategoryFields" name="test_dashboard_category_weight_sorted_desc" time="0.143" /><testcase classname="backend.tests.test_iteration6.TestDashboardCategoryFields" name="test_dashboard_returns_category_sale_value_array" time="0.226" /><testcase classname="backend.tests.test_iteration6.TestDashboardCategoryFields" name="test_dashboard_category_sale_value_sorted_desc" time="0.160" /><testcase classname="backend.tests.test_iteration6.TestDashboardCategoryFields" name="test_dashboard_total_stock_kg_preserved" time="0.136" /><testcase classname="backend.tests.test_iteration6.TestDashboardCategoryFields" name="test_dashboard_today_month_weight_keys_present" time="0.163" /><testcase classname="backend.tests.test_iteration6.TestReportsCategoryDistribution" name="test_category_distribution_has_weight_and_sale_value" time="0.158" /><testcase classname="backend.tests.test_iteration6.TestReportsCategoryDistribution" name="test_category_distribution_consistency_with_stock_report" time="0.406" /><testcase classname="backend.tests.test_iteration6.TestRegression" name="test_products_list" time="0.132" /><testcase classname="backend.tests.test_iteration6.TestRegression" name="test_customers_list" time="0.137" /><testcase classname="backend.tests.test_iteration6.TestRegression" name="test_productions_list" time="0.273" /><testcase classname="backend.tests.test_iteration6.TestRegression" name="test_sales_list" time="0.167" /><testcase classname="backend.tests.test_iteration6.TestRegression" name="test_stock_movements_list" time="0.167" /><testcase classname="backend.tests.test_iteration6.TestRegression" name="test_reports_stock_excel_export" time="0.163" /><testcase classname="backend.tests.test_iteration6.TestRegression" name="test_auth_me" time="0.164" /></testsuite></testsuites>