<?xml version="1.0" encoding="utf-8"?><testsuites name="pytest tests"><testsuite name="pytest" errors="0" failures="0" skipped="0" tests="17" time="12.789" timestamp="2026-05-12T19:00:29.813635+00:00" hostname="agent-env-3eb4a8bf-8bb7-4032-a177-30655c29f131"><testcase classname="backend.tests.test_iteration5.TestProductMinimalPayload" name="test_create_product_without_cost_and_dates" time="0.778" /><testcase classname="backend.tests.test_iteration5.TestCustomerTypes" name="test_create_customer_with_new_types[Cash &amp; Carry]" time="0.201" /><testcase classname="backend.tests.test_iteration5.TestCustomerTypes" name="test_create_customer_with_new_types[Retail]" time="0.146" /><testcase classname="backend.tests.test_iteration5.TestCustomerTypes" name="test_create_customer_with_new_types[Shop]" time="0.195" /><testcase classname="backend.tests.test_iteration5.TestCustomerTypes" name="test_admin_can_toggle_customer_active" time="0.387" /><testcase classname="backend.tests.test_iteration5.TestSalesWeight" name="test_sale_without_payment_status" time="0.528" /><testcase classname="backend.tests.test_iteration5.TestSalesWeight" name="test_sale_adet_product_weight_computed" time="0.356" /><testcase classname="backend.tests.test_iteration5.TestDashboardIteration5" name="test_summary_has_new_keys_and_no_expiring" time="0.172" /><testcase classname="backend.tests.test_iteration5.TestReportsWeight" name="test_report_production_weight" time="0.327" /><testcase classname="backend.tests.test_iteration5.TestReportsWeight" name="test_report_sales_weight" time="0.173" /><testcase classname="backend.tests.test_iteration5.TestReportsWeight" name="test_report_stock_weight" time="0.176" /><testcase classname="backend.tests.test_iteration5.TestSelfProfile" name="test_update_self_name" time="0.716" /><testcase classname="backend.tests.test_iteration5.TestSelfProfile" name="test_update_self_password_wrong_current" time="0.374" /><testcase classname="backend.tests.test_iteration5.TestSelfProfile" name="test_update_self_password_correct_then_revert" time="2.429" /><testcase classname="backend.tests.test_iteration5.TestAdminUserUpdate" name="test_admin_change_user_email" time="0.975" /><testcase classname="backend.tests.test_iteration5.TestAdminUserUpdate" name="test_admin_change_user_email_conflict" time="0.898" /><testcase classname="backend.tests.test_iteration5.TestAdminUserUpdate" name="test_admin_change_user_password" time="3.894" /></testsuite></testsuites>