<?xml version="1.0" encoding="utf-8"?><testsuites name="pytest tests"><testsuite name="pytest" errors="0" failures="0" skipped="0" tests="10" time="4.990" timestamp="2026-05-12T15:25:57.199985+00:00" hostname="agent-env-3eb4a8bf-8bb7-4032-a177-30655c29f131"><testcase classname="backend.tests.test_new_features.TestForgotPassword" name="test_forgot_password_valid_email_returns_dev_token" time="0.670" /><testcase classname="backend.tests.test_new_features.TestForgotPassword" name="test_forgot_password_nonexistent_email_no_enumeration" time="0.232" /><testcase classname="backend.tests.test_new_features.TestForgotPassword" name="test_forgot_password_invalid_email_format" time="0.178" /><testcase classname="backend.tests.test_new_features.TestResetPassword" name="test_reset_password_short_password_rejected" time="0.300" /><testcase classname="backend.tests.test_new_features.TestResetPassword" name="test_reset_password_invalid_token" time="0.185" /><testcase classname="backend.tests.test_new_features.TestResetPassword" name="test_reset_password_valid_token_updates_password" time="1.383" /><testcase classname="backend.tests.test_new_features.TestResetPassword" name="test_reset_password_already_used_token" time="0.136" /><testcase classname="backend.tests.test_new_features.TestSalesReceipt" name="test_receipt_pdf_authenticated" time="0.966" /><testcase classname="backend.tests.test_new_features.TestSalesReceipt" name="test_receipt_pdf_unauthenticated" time="0.158" /><testcase classname="backend.tests.test_new_features.TestSalesReceipt" name="test_receipt_pdf_invalid_id" time="0.720" /></testsuite></testsuites>