<?xml version="1.0" encoding="utf-8"?><testsuites name="pytest tests"><testsuite name="pytest" errors="0" failures="0" skipped="0" tests="22" time="7.435" timestamp="2026-05-12T15:40:09.745691+00:00" hostname="agent-env-3eb4a8bf-8bb7-4032-a177-30655c29f131"><testcase classname="backend.tests.test_permissions_excel.TestPermissionsEndpoint" name="test_permissions_list" time="0.728" /><testcase classname="backend.tests.test_permissions_excel.TestPermissionsEndpoint" name="test_permissions_requires_auth" time="0.121" /><testcase classname="backend.tests.test_permissions_excel.TestAuthMePermissions" name="test_admin_has_all_perms" time="0.148" /><testcase classname="backend.tests.test_permissions_excel.TestAuthMePermissions" name="test_personel_has_default_perms" time="0.975" /><testcase classname="backend.tests.test_permissions_excel.TestAuthMePermissions" name="test_rapor_has_view_only_defaults" time="0.923" /><testcase classname="backend.tests.test_permissions_excel.TestRegisterDefaults" name="test_register_personel_has_default_perms" time="0.508" /><testcase classname="backend.tests.test_permissions_excel.TestUpdateUserPermissions" name="test_admin_can_set_custom_permissions" time="0.293" /><testcase classname="backend.tests.test_permissions_excel.TestUpdateUserPermissions" name="test_invalid_permission_key_rejected" time="0.134" /><testcase classname="backend.tests.test_permissions_excel.TestUpdateUserPermissions" name="test_non_admin_cannot_update_users" time="0.115" /><testcase classname="backend.tests.test_permissions_excel.TestPermissionGatedCRUD" name="test_personel_can_create_product" time="0.133" /><testcase classname="backend.tests.test_permissions_excel.TestPermissionGatedCRUD" name="test_personel_cannot_delete_product_by_default" time="0.653" /><testcase classname="backend.tests.test_permissions_excel.TestPermissionGatedCRUD" name="test_rapor_cannot_create_product" time="0.131" /><testcase classname="backend.tests.test_permissions_excel.TestExcelExports" name="test_export_unauth[/export/products.xlsx]" time="0.122" /><testcase classname="backend.tests.test_permissions_excel.TestExcelExports" name="test_export_unauth[/export/stock.xlsx]" time="0.216" /><testcase classname="backend.tests.test_permissions_excel.TestExcelExports" name="test_export_unauth[/export/sales.xlsx]" time="0.156" /><testcase classname="backend.tests.test_permissions_excel.TestExcelExports" name="test_export_unauth[/export/productions.xlsx]" time="0.130" /><testcase classname="backend.tests.test_permissions_excel.TestExcelExports" name="test_export_admin_returns_xlsx[/export/products.xlsx-urunler.xlsx]" time="0.143" /><testcase classname="backend.tests.test_permissions_excel.TestExcelExports" name="test_export_admin_returns_xlsx[/export/stock.xlsx-stok-raporu.xlsx]" time="0.147" /><testcase classname="backend.tests.test_permissions_excel.TestExcelExports" name="test_export_admin_returns_xlsx[/export/sales.xlsx-satislar.xlsx]" time="0.144" /><testcase classname="backend.tests.test_permissions_excel.TestExcelExports" name="test_export_admin_returns_xlsx[/export/productions.xlsx-uretim.xlsx]" time="0.160" /><testcase classname="backend.tests.test_permissions_excel.TestExcelExports" name="test_rapor_can_export_view_endpoints" time="0.623" /><testcase classname="backend.tests.test_permissions_excel.TestExcelExports" name="test_export_products_without_view_perm" time="0.654" /></testsuite></testsuites>