<?xml version="1.0" encoding="utf-8"?><testsuites name="pytest tests"><testsuite name="pytest" errors="0" failures="0" skipped="0" tests="38" time="9.484" timestamp="2026-05-12T15:17:54.589688+00:00" hostname="agent-env-3eb4a8bf-8bb7-4032-a177-30655c29f131"><testcase classname="backend.tests.backend_test.TestAuth" name="test_root" time="0.157" /><testcase classname="backend.tests.backend_test.TestAuth" name="test_login_invalid" time="0.369" /><testcase classname="backend.tests.backend_test.TestAuth" name="test_login_admin_success" time="0.854" /><testcase classname="backend.tests.backend_test.TestAuth" name="test_login_sets_cookies" time="0.359" /><testcase classname="backend.tests.backend_test.TestAuth" name="test_me_authenticated" time="0.141" /><testcase classname="backend.tests.backend_test.TestAuth" name="test_me_unauthenticated" time="0.150" /><testcase classname="backend.tests.backend_test.TestAuth" name="test_register_personel" time="0.364" /><testcase classname="backend.tests.backend_test.TestAuth" name="test_register_rapor" time="0.349" /><testcase classname="backend.tests.backend_test.TestAuth" name="test_register_duplicate" time="0.170" /><testcase classname="backend.tests.backend_test.TestAuth" name="test_logout" time="0.159" /><testcase classname="backend.tests.backend_test.TestProducts" name="test_create_product" time="0.165" /><testcase classname="backend.tests.backend_test.TestProducts" name="test_create_duplicate_code" time="0.323" /><testcase classname="backend.tests.backend_test.TestProducts" name="test_list_products" time="0.228" /><testcase classname="backend.tests.backend_test.TestProducts" name="test_update_product_stock_creates_movement" time="0.327" /><testcase classname="backend.tests.backend_test.TestProducts" name="test_personel_cannot_delete" time="0.148" /><testcase classname="backend.tests.backend_test.TestProducts" name="test_rapor_cannot_create" time="0.182" /><testcase classname="backend.tests.backend_test.TestCustomers" name="test_create_customer" time="0.177" /><testcase classname="backend.tests.backend_test.TestCustomers" name="test_get_customer_with_sales" time="0.181" /><testcase classname="backend.tests.backend_test.TestCustomers" name="test_update_customer" time="0.135" /><testcase classname="backend.tests.backend_test.TestProductions" name="test_create_production_increments_stock" time="0.657" /><testcase classname="backend.tests.backend_test.TestSales" name="test_create_sale_decrements_stock" time="0.502" /><testcase classname="backend.tests.backend_test.TestSales" name="test_insufficient_stock" time="0.200" /><testcase classname="backend.tests.backend_test.TestStock" name="test_adjust_positive" time="0.130" /><testcase classname="backend.tests.backend_test.TestStock" name="test_adjust_negative" time="0.192" /><testcase classname="backend.tests.backend_test.TestStock" name="test_adjust_negative_rejected" time="0.143" /><testcase classname="backend.tests.backend_test.TestStock" name="test_list_movements_filter" time="0.146" /><testcase classname="backend.tests.backend_test.TestDashboardReports" name="test_dashboard_summary" time="0.161" /><testcase classname="backend.tests.backend_test.TestDashboardReports" name="test_report_stock" time="0.163" /><testcase classname="backend.tests.backend_test.TestDashboardReports" name="test_report_category" time="0.208" /><testcase classname="backend.tests.backend_test.TestDashboardReports" name="test_report_production" time="0.181" /><testcase classname="backend.tests.backend_test.TestDashboardReports" name="test_report_sales" time="0.190" /><testcase classname="backend.tests.backend_test.TestUsers" name="test_list_users_admin" time="0.167" /><testcase classname="backend.tests.backend_test.TestUsers" name="test_list_users_non_admin_forbidden" time="0.173" /><testcase classname="backend.tests.backend_test.TestUsers" name="test_update_user_role" time="0.154" /><testcase classname="backend.tests.backend_test.TestUsers" name="test_admin_cannot_delete_self" time="0.311" /><testcase classname="backend.tests.backend_test.TestUsers" name="test_delete_user" time="0.161" /><testcase classname="backend.tests.backend_test.TestZCleanup" name="test_soft_delete_product" time="0.430" /><testcase classname="backend.tests.backend_test.TestZCleanup" name="test_soft_delete_customer" time="0.166" /></testsuite></testsuites>