<?xml version="1.0" encoding="utf-8"?><testsuites name="pytest tests"><testsuite name="pytest" errors="0" failures="0" skipped="0" tests="48" time="80.379" timestamp="2026-05-12T15:40:22.545620+00:00" hostname="agent-env-3eb4a8bf-8bb7-4032-a177-30655c29f131"><testcase classname="backend.tests.backend_test.TestAuth" name="test_root" time="0.161" /><testcase classname="backend.tests.backend_test.TestAuth" name="test_login_invalid" time="0.365" /><testcase classname="backend.tests.backend_test.TestAuth" name="test_login_admin_success" time="0.356" /><testcase classname="backend.tests.backend_test.TestAuth" name="test_login_sets_cookies" time="0.363" /><testcase classname="backend.tests.backend_test.TestAuth" name="test_me_authenticated" time="0.133" /><testcase classname="backend.tests.backend_test.TestAuth" name="test_me_unauthenticated" time="0.140" /><testcase classname="backend.tests.backend_test.TestAuth" name="test_register_personel" time="0.356" /><testcase classname="backend.tests.backend_test.TestAuth" name="test_register_rapor" time="0.459" /><testcase classname="backend.tests.backend_test.TestAuth" name="test_register_duplicate" time="0.158" /><testcase classname="backend.tests.backend_test.TestAuth" name="test_logout" time="0.130" /><testcase classname="backend.tests.backend_test.TestProducts" name="test_create_product" time="0.147" /><testcase classname="backend.tests.backend_test.TestProducts" name="test_create_duplicate_code" time="0.186" /><testcase classname="backend.tests.backend_test.TestProducts" name="test_list_products" time="0.127" /><testcase classname="backend.tests.backend_test.TestProducts" name="test_update_product_stock_creates_movement" time="0.292" /><testcase classname="backend.tests.backend_test.TestProducts" name="test_personel_cannot_delete" time="0.129" /><testcase classname="backend.tests.backend_test.TestProducts" name="test_rapor_cannot_create" time="0.116" /><testcase classname="backend.tests.backend_test.TestCustomers" name="test_create_customer" time="0.129" /><testcase classname="backend.tests.backend_test.TestCustomers" name="test_get_customer_with_sales" time="0.126" /><testcase classname="backend.tests.backend_test.TestCustomers" name="test_update_customer" time="0.140" /><testcase classname="backend.tests.backend_test.TestProductions" name="test_create_production_increments_stock" time="0.530" /><testcase classname="backend.tests.backend_test.TestSales" name="test_create_sale_decrements_stock" time="0.416" /><testcase classname="backend.tests.backend_test.TestSales" name="test_insufficient_stock" time="0.168" /><testcase classname="backend.tests.backend_test.TestStock" name="test_adjust_positive" time="0.181" /><testcase classname="backend.tests.backend_test.TestStock" name="test_adjust_negative" time="0.153" /><testcase classname="backend.tests.backend_test.TestStock" name="test_adjust_negative_rejected" time="0.156" /><testcase classname="backend.tests.backend_test.TestStock" name="test_list_movements_filter" time="0.156" /><testcase classname="backend.tests.backend_test.TestDashboardReports" name="test_dashboard_summary" time="0.124" /><testcase classname="backend.tests.backend_test.TestDashboardReports" name="test_report_stock" time="0.131" /><testcase classname="backend.tests.backend_test.TestDashboardReports" name="test_report_category" time="0.152" /><testcase classname="backend.tests.backend_test.TestDashboardReports" name="test_report_production" time="0.166" /><testcase classname="backend.tests.backend_test.TestDashboardReports" name="test_report_sales" time="0.149" /><testcase classname="backend.tests.backend_test.TestUsers" name="test_list_users_admin" time="0.124" /><testcase classname="backend.tests.backend_test.TestUsers" name="test_list_users_non_admin_forbidden" time="0.121" /><testcase classname="backend.tests.backend_test.TestUsers" name="test_update_user_role" time="0.133" /><testcase classname="backend.tests.backend_test.TestUsers" name="test_admin_cannot_delete_self" time="0.310" /><testcase classname="backend.tests.backend_test.TestUsers" name="test_delete_user" time="0.137" /><testcase classname="backend.tests.backend_test.TestZCleanup" name="test_soft_delete_product" time="0.343" /><testcase classname="backend.tests.backend_test.TestZCleanup" name="test_soft_delete_customer" time="0.138" /><testcase classname="backend.tests.test_new_features.TestForgotPassword" name="test_forgot_password_valid_email_returns_dev_token" time="0.499" /><testcase classname="backend.tests.test_new_features.TestForgotPassword" name="test_forgot_password_nonexistent_email_no_enumeration" time="0.152" /><testcase classname="backend.tests.test_new_features.TestForgotPassword" name="test_forgot_password_invalid_email_format" time="0.118" /><testcase classname="backend.tests.test_new_features.TestResetPassword" name="test_reset_password_short_password_rejected" time="0.299" /><testcase classname="backend.tests.test_new_features.TestResetPassword" name="test_reset_password_invalid_token" time="0.171" /><testcase classname="backend.tests.test_new_features.TestResetPassword" name="test_reset_password_valid_token_updates_password" time="1.217" /><testcase classname="backend.tests.test_new_features.TestResetPassword" name="test_reset_password_already_used_token" time="0.152" /><testcase classname="backend.tests.test_new_features.TestSalesReceipt" name="test_receipt_pdf_authenticated" time="0.891" /><testcase classname="backend.tests.test_new_features.TestSalesReceipt" name="test_receipt_pdf_unauthenticated" time="0.134" /><testcase classname="backend.tests.test_new_features.TestSalesReceipt" name="test_receipt_pdf_invalid_id" time="68.853" /></testsuite></testsuites>