<?xml version="1.0" encoding="utf-8"?><testsuites name="pytest tests"><testsuite name="pytest" errors="0" failures="0" skipped="0" tests="82" time="81.284" timestamp="2026-05-12T19:00:47.030295+00:00" hostname="agent-env-3eb4a8bf-8bb7-4032-a177-30655c29f131"><testcase classname="backend.tests.backend_test.TestAuth" name="test_root" time="0.200" /><testcase classname="backend.tests.backend_test.TestAuth" name="test_login_invalid" time="0.370" /><testcase classname="backend.tests.backend_test.TestAuth" name="test_login_admin_success" time="0.381" /><testcase classname="backend.tests.backend_test.TestAuth" name="test_login_sets_cookies" time="0.373" /><testcase classname="backend.tests.backend_test.TestAuth" name="test_me_authenticated" time="0.141" /><testcase classname="backend.tests.backend_test.TestAuth" name="test_me_unauthenticated" time="0.146" /><testcase classname="backend.tests.backend_test.TestAuth" name="test_register_personel" time="0.427" /><testcase classname="backend.tests.backend_test.TestAuth" name="test_register_rapor" time="0.369" /><testcase classname="backend.tests.backend_test.TestAuth" name="test_register_duplicate" time="0.141" /><testcase classname="backend.tests.backend_test.TestAuth" name="test_logout" time="0.120" /><testcase classname="backend.tests.backend_test.TestProducts" name="test_create_product" time="0.182" /><testcase classname="backend.tests.backend_test.TestProducts" name="test_create_duplicate_code" time="0.158" /><testcase classname="backend.tests.backend_test.TestProducts" name="test_list_products" time="0.140" /><testcase classname="backend.tests.backend_test.TestProducts" name="test_update_product_stock_creates_movement" time="0.333" /><testcase classname="backend.tests.backend_test.TestProducts" name="test_personel_cannot_delete" time="0.142" /><testcase classname="backend.tests.backend_test.TestProducts" name="test_rapor_cannot_create" time="0.153" /><testcase classname="backend.tests.backend_test.TestCustomers" name="test_create_customer" time="0.141" /><testcase classname="backend.tests.backend_test.TestCustomers" name="test_get_customer_with_sales" time="0.167" /><testcase classname="backend.tests.backend_test.TestCustomers" name="test_update_customer" time="0.158" /><testcase classname="backend.tests.backend_test.TestProductions" name="test_create_production_increments_stock" time="0.682" /><testcase classname="backend.tests.backend_test.TestSales" name="test_create_sale_decrements_stock" time="0.448" /><testcase classname="backend.tests.backend_test.TestSales" name="test_insufficient_stock" time="0.129" /><testcase classname="backend.tests.backend_test.TestStock" name="test_adjust_positive" time="0.223" /><testcase classname="backend.tests.backend_test.TestStock" name="test_adjust_negative" time="0.150" /><testcase classname="backend.tests.backend_test.TestStock" name="test_adjust_negative_rejected" time="0.142" /><testcase classname="backend.tests.backend_test.TestStock" name="test_list_movements_filter" time="0.165" /><testcase classname="backend.tests.backend_test.TestDashboardReports" name="test_dashboard_summary" time="0.153" /><testcase classname="backend.tests.backend_test.TestDashboardReports" name="test_report_stock" time="0.247" /><testcase classname="backend.tests.backend_test.TestDashboardReports" name="test_report_category" time="0.149" /><testcase classname="backend.tests.backend_test.TestDashboardReports" name="test_report_production" time="0.207" /><testcase classname="backend.tests.backend_test.TestDashboardReports" name="test_report_sales" time="0.154" /><testcase classname="backend.tests.backend_test.TestUsers" name="test_list_users_admin" time="0.136" /><testcase classname="backend.tests.backend_test.TestUsers" name="test_list_users_non_admin_forbidden" time="0.147" /><testcase classname="backend.tests.backend_test.TestUsers" name="test_update_user_role" time="0.222" /><testcase classname="backend.tests.backend_test.TestUsers" name="test_admin_cannot_delete_self" time="0.323" /><testcase classname="backend.tests.backend_test.TestUsers" name="test_delete_user" time="0.135" /><testcase classname="backend.tests.backend_test.TestZCleanup" name="test_soft_delete_product" time="0.448" /><testcase classname="backend.tests.backend_test.TestZCleanup" name="test_soft_delete_customer" time="0.145" /><testcase classname="backend.tests.test_new_features.TestForgotPassword" name="test_forgot_password_valid_email_returns_dev_token" time="0.582" /><testcase classname="backend.tests.test_new_features.TestForgotPassword" name="test_forgot_password_nonexistent_email_no_enumeration" time="0.173" /><testcase classname="backend.tests.test_new_features.TestForgotPassword" name="test_forgot_password_invalid_email_format" time="0.179" /><testcase classname="backend.tests.test_new_features.TestResetPassword" name="test_reset_password_short_password_rejected" time="0.435" /><testcase classname="backend.tests.test_new_features.TestResetPassword" name="test_reset_password_invalid_token" time="0.145" /><testcase classname="backend.tests.test_new_features.TestResetPassword" name="test_reset_password_valid_token_updates_password" time="1.322" /><testcase classname="backend.tests.test_new_features.TestResetPassword" name="test_reset_password_already_used_token" time="0.149" /><testcase classname="backend.tests.test_new_features.TestSalesReceipt" name="test_receipt_pdf_authenticated" time="1.106" /><testcase classname="backend.tests.test_new_features.TestSalesReceipt" name="test_receipt_pdf_unauthenticated" time="0.163" /><testcase classname="backend.tests.test_new_features.TestSalesReceipt" name="test_receipt_pdf_invalid_id" time="0.658" /><testcase classname="backend.tests.test_company_profile.TestCompanyGetPublic" name="test_get_company_no_auth" time="0.749" /><testcase classname="backend.tests.test_company_profile.TestCompanyGetPublic" name="test_default_name_after_reset" time="0.071" /><testcase classname="backend.tests.test_company_profile.TestCompanyUpdate" name="test_put_requires_auth" time="0.073" /><testcase classname="backend.tests.test_company_profile.TestCompanyUpdate" name="test_put_admin_updates_and_persists" time="0.162" /><testcase classname="backend.tests.test_company_profile.TestCompanyUpdate" name="test_put_validation_empty_name" time="0.081" /><testcase classname="backend.tests.test_company_profile.TestCompanyLogo" name="test_get_logo_404_when_absent" time="0.161" /><testcase classname="backend.tests.test_company_profile.TestCompanyLogo" name="test_upload_logo_requires_auth" time="0.077" /><testcase classname="backend.tests.test_company_profile.TestCompanyLogo" name="test_upload_rejects_non_image" time="0.082" /><testcase classname="backend.tests.test_company_profile.TestCompanyLogo" name="test_upload_rejects_oversize" time="0.293" /><testcase classname="backend.tests.test_company_profile.TestCompanyLogo" name="test_upload_and_fetch_logo" time="0.415" /><testcase classname="backend.tests.test_company_profile.TestCompanyLogo" name="test_delete_logo" time="0.366" /><testcase classname="backend.tests.test_company_profile.TestPdfReceipt" name="test_receipt_uses_company_name_and_logo" time="0.989" /><testcase classname="backend.tests.test_permissions_excel.TestPermissionsEndpoint" name="test_permissions_list" time="0.542" /><testcase classname="backend.tests.test_permissions_excel.TestPermissionsEndpoint" name="test_permissions_requires_auth" time="0.178" /><testcase classname="backend.tests.test_permissions_excel.TestAuthMePermissions" name="test_admin_has_all_perms" time="0.239" /><testcase classname="backend.tests.test_permissions_excel.TestAuthMePermissions" name="test_personel_has_default_perms" time="0.941" /><testcase classname="backend.tests.test_permissions_excel.TestAuthMePermissions" name="test_rapor_has_view_only_defaults" time="0.848" /><testcase classname="backend.tests.test_permissions_excel.TestRegisterDefaults" name="test_register_personel_has_default_perms" time="0.563" /><testcase classname="backend.tests.test_permissions_excel.TestUpdateUserPermissions" name="test_admin_can_set_custom_permissions" time="0.309" /><testcase classname="backend.tests.test_permissions_excel.TestUpdateUserPermissions" name="test_invalid_permission_key_rejected" time="0.144" /><testcase classname="backend.tests.test_permissions_excel.TestUpdateUserPermissions" name="test_non_admin_cannot_update_users" time="0.203" /><testcase classname="backend.tests.test_permissions_excel.TestPermissionGatedCRUD" name="test_personel_can_create_product" time="0.237" /><testcase classname="backend.tests.test_permissions_excel.TestPermissionGatedCRUD" name="test_personel_cannot_delete_product_by_default" time="0.801" /><testcase classname="backend.tests.test_permissions_excel.TestPermissionGatedCRUD" name="test_rapor_cannot_create_product" time="35.957" /><testcase classname="backend.tests.test_permissions_excel.TestExcelExports" name="test_export_unauth[/export/products.xlsx]" time="19.902" /><testcase classname="backend.tests.test_permissions_excel.TestExcelExports" name="test_export_unauth[/export/stock.xlsx]" time="0.188" /><testcase classname="backend.tests.test_permissions_excel.TestExcelExports" name="test_export_unauth[/export/sales.xlsx]" time="0.181" /><testcase classname="backend.tests.test_permissions_excel.TestExcelExports" name="test_export_unauth[/export/productions.xlsx]" time="0.159" /><testcase classname="backend.tests.test_permissions_excel.TestExcelExports" name="test_export_admin_returns_xlsx[/export/products.xlsx-urunler.xlsx]" time="0.176" /><testcase classname="backend.tests.test_permissions_excel.TestExcelExports" name="test_export_admin_returns_xlsx[/export/stock.xlsx-stok-raporu.xlsx]" time="0.199" /><testcase classname="backend.tests.test_permissions_excel.TestExcelExports" name="test_export_admin_returns_xlsx[/export/sales.xlsx-satislar.xlsx]" time="0.160" /><testcase classname="backend.tests.test_permissions_excel.TestExcelExports" name="test_export_admin_returns_xlsx[/export/productions.xlsx-uretim.xlsx]" time="0.160" /><testcase classname="backend.tests.test_permissions_excel.TestExcelExports" name="test_rapor_can_export_view_endpoints" time="0.732" /><testcase classname="backend.tests.test_permissions_excel.TestExcelExports" name="test_export_products_without_view_perm" time="1.230" /></testsuite></testsuites>