<?xml version="1.0" encoding="utf-8"?><testsuites name="pytest tests"><testsuite name="pytest" errors="0" failures="0" skipped="0" tests="114" time="107.581" timestamp="2026-05-12T22:00:54.798535+00:00" hostname="agent-env-3eb4a8bf-8bb7-4032-a177-30655c29f131"><testcase classname="backend.tests.backend_test.TestAuth" name="test_root" time="0.205" /><testcase classname="backend.tests.backend_test.TestAuth" name="test_login_invalid" time="0.371" /><testcase classname="backend.tests.backend_test.TestAuth" name="test_login_admin_success" time="0.373" /><testcase classname="backend.tests.backend_test.TestAuth" name="test_login_sets_cookies" time="0.379" /><testcase classname="backend.tests.backend_test.TestAuth" name="test_me_authenticated" time="0.215" /><testcase classname="backend.tests.backend_test.TestAuth" name="test_me_unauthenticated" time="0.173" /><testcase classname="backend.tests.backend_test.TestAuth" name="test_register_personel" time="0.360" /><testcase classname="backend.tests.backend_test.TestAuth" name="test_register_rapor" time="0.420" /><testcase classname="backend.tests.backend_test.TestAuth" name="test_register_duplicate" time="0.128" /><testcase classname="backend.tests.backend_test.TestAuth" name="test_logout" time="0.130" /><testcase classname="backend.tests.backend_test.TestProducts" name="test_create_product" time="0.154" /><testcase classname="backend.tests.backend_test.TestProducts" name="test_create_duplicate_code" time="0.135" /><testcase classname="backend.tests.backend_test.TestProducts" name="test_list_products" time="0.148" /><testcase classname="backend.tests.backend_test.TestProducts" name="test_update_product_stock_creates_movement" time="0.277" /><testcase classname="backend.tests.backend_test.TestProducts" name="test_personel_cannot_delete" time="0.186" /><testcase classname="backend.tests.backend_test.TestProducts" name="test_rapor_cannot_create" time="0.153" /><testcase classname="backend.tests.backend_test.TestCustomers" name="test_create_customer" time="0.144" /><testcase classname="backend.tests.backend_test.TestCustomers" name="test_get_customer_with_sales" time="0.238" /><testcase classname="backend.tests.backend_test.TestCustomers" name="test_update_customer" time="0.151" /><testcase classname="backend.tests.backend_test.TestProductions" name="test_create_production_increments_stock" time="0.581" /><testcase classname="backend.tests.backend_test.TestSales" name="test_create_sale_decrements_stock" time="0.517" /><testcase classname="backend.tests.backend_test.TestSales" name="test_insufficient_stock" time="0.147" /><testcase classname="backend.tests.backend_test.TestStock" name="test_adjust_positive" time="0.144" /><testcase classname="backend.tests.backend_test.TestStock" name="test_adjust_negative" time="0.196" /><testcase classname="backend.tests.backend_test.TestStock" name="test_adjust_negative_rejected" time="0.151" /><testcase classname="backend.tests.backend_test.TestStock" name="test_list_movements_filter" time="0.135" /><testcase classname="backend.tests.backend_test.TestDashboardReports" name="test_dashboard_summary" time="0.166" /><testcase classname="backend.tests.backend_test.TestDashboardReports" name="test_report_stock" time="0.150" /><testcase classname="backend.tests.backend_test.TestDashboardReports" name="test_report_category" time="0.132" /><testcase classname="backend.tests.backend_test.TestDashboardReports" name="test_report_production" time="0.160" /><testcase classname="backend.tests.backend_test.TestDashboardReports" name="test_report_sales" time="0.198" /><testcase classname="backend.tests.backend_test.TestUsers" name="test_list_users_admin" time="0.151" /><testcase classname="backend.tests.backend_test.TestUsers" name="test_list_users_non_admin_forbidden" time="0.147" /><testcase classname="backend.tests.backend_test.TestUsers" name="test_update_user_role" time="0.150" /><testcase classname="backend.tests.backend_test.TestUsers" name="test_admin_cannot_delete_self" time="0.333" /><testcase classname="backend.tests.backend_test.TestUsers" name="test_delete_user" time="0.194" /><testcase classname="backend.tests.backend_test.TestZCleanup" name="test_soft_delete_product" time="0.312" /><testcase classname="backend.tests.backend_test.TestZCleanup" name="test_soft_delete_customer" time="0.417" /><testcase classname="backend.tests.test_company_profile.TestCompanyGetPublic" name="test_get_company_no_auth" time="0.800" /><testcase classname="backend.tests.test_company_profile.TestCompanyGetPublic" name="test_default_name_after_reset" time="0.068" /><testcase classname="backend.tests.test_company_profile.TestCompanyUpdate" name="test_put_requires_auth" time="0.069" /><testcase classname="backend.tests.test_company_profile.TestCompanyUpdate" name="test_put_admin_updates_and_persists" time="0.144" /><testcase classname="backend.tests.test_company_profile.TestCompanyUpdate" name="test_put_validation_empty_name" time="0.085" /><testcase classname="backend.tests.test_company_profile.TestCompanyLogo" name="test_get_logo_404_when_absent" time="0.154" /><testcase classname="backend.tests.test_company_profile.TestCompanyLogo" name="test_upload_logo_requires_auth" time="0.062" /><testcase classname="backend.tests.test_company_profile.TestCompanyLogo" name="test_upload_rejects_non_image" time="0.073" /><testcase classname="backend.tests.test_company_profile.TestCompanyLogo" name="test_upload_rejects_oversize" time="0.293" /><testcase classname="backend.tests.test_company_profile.TestCompanyLogo" name="test_upload_and_fetch_logo" time="0.582" /><testcase classname="backend.tests.test_company_profile.TestCompanyLogo" name="test_delete_logo" time="0.362" /><testcase classname="backend.tests.test_company_profile.TestPdfReceipt" name="test_receipt_uses_company_name_and_logo" time="1.033" /><testcase classname="backend.tests.test_iteration5.TestProductMinimalPayload" name="test_create_product_without_cost_and_dates" time="0.557" /><testcase classname="backend.tests.test_iteration5.TestCustomerTypes" name="test_create_customer_with_new_types[Cash &amp; Carry]" time="0.142" /><testcase classname="backend.tests.test_iteration5.TestCustomerTypes" name="test_create_customer_with_new_types[Retail]" time="0.146" /><testcase classname="backend.tests.test_iteration5.TestCustomerTypes" name="test_create_customer_with_new_types[Shop]" time="0.203" /><testcase classname="backend.tests.test_iteration5.TestCustomerTypes" name="test_admin_can_toggle_customer_active" time="0.293" /><testcase classname="backend.tests.test_iteration5.TestSalesWeight" name="test_sale_without_payment_status" time="0.417" /><testcase classname="backend.tests.test_iteration5.TestSalesWeight" name="test_sale_adet_product_weight_computed" time="0.296" /><testcase classname="backend.tests.test_iteration5.TestDashboardIteration5" name="test_summary_has_new_keys_and_no_expiring" time="0.134" /><testcase classname="backend.tests.test_iteration5.TestReportsWeight" name="test_report_production_weight" time="0.274" /><testcase classname="backend.tests.test_iteration5.TestReportsWeight" name="test_report_sales_weight" time="0.256" /><testcase classname="backend.tests.test_iteration5.TestReportsWeight" name="test_report_stock_weight" time="0.291" /><testcase classname="backend.tests.test_iteration5.TestSelfProfile" name="test_update_self_name" time="0.530" /><testcase classname="backend.tests.test_iteration5.TestSelfProfile" name="test_update_self_password_wrong_current" time="0.376" /><testcase classname="backend.tests.test_iteration5.TestSelfProfile" name="test_update_self_password_correct_then_revert" time="2.312" /><testcase classname="backend.tests.test_iteration5.TestAdminUserUpdate" name="test_admin_change_user_email" time="0.967" /><testcase classname="backend.tests.test_iteration5.TestAdminUserUpdate" name="test_admin_change_user_email_conflict" time="0.874" /><testcase classname="backend.tests.test_iteration5.TestAdminUserUpdate" name="test_admin_change_user_password" time="72.096" /><testcase classname="backend.tests.test_iteration6.TestDashboardCategoryFields" name="test_dashboard_returns_category_weight_array" time="0.534" /><testcase classname="backend.tests.test_iteration6.TestDashboardCategoryFields" name="test_dashboard_category_weight_sorted_desc" time="0.178" /><testcase classname="backend.tests.test_iteration6.TestDashboardCategoryFields" name="test_dashboard_returns_category_sale_value_array" time="0.167" /><testcase classname="backend.tests.test_iteration6.TestDashboardCategoryFields" name="test_dashboard_category_sale_value_sorted_desc" time="0.137" /><testcase classname="backend.tests.test_iteration6.TestDashboardCategoryFields" name="test_dashboard_total_stock_kg_preserved" time="0.141" /><testcase classname="backend.tests.test_iteration6.TestDashboardCategoryFields" name="test_dashboard_today_month_weight_keys_present" time="0.144" /><testcase classname="backend.tests.test_iteration6.TestReportsCategoryDistribution" name="test_category_distribution_has_weight_and_sale_value" time="0.133" /><testcase classname="backend.tests.test_iteration6.TestReportsCategoryDistribution" name="test_category_distribution_consistency_with_stock_report" time="0.303" /><testcase classname="backend.tests.test_iteration6.TestRegression" name="test_products_list" time="0.148" /><testcase classname="backend.tests.test_iteration6.TestRegression" name="test_customers_list" time="0.141" /><testcase classname="backend.tests.test_iteration6.TestRegression" name="test_productions_list" time="0.145" /><testcase classname="backend.tests.test_iteration6.TestRegression" name="test_sales_list" time="0.147" /><testcase classname="backend.tests.test_iteration6.TestRegression" name="test_stock_movements_list" time="0.147" /><testcase classname="backend.tests.test_iteration6.TestRegression" name="test_reports_stock_excel_export" time="0.177" /><testcase classname="backend.tests.test_iteration6.TestRegression" name="test_auth_me" time="0.182" /><testcase classname="backend.tests.test_new_features.TestForgotPassword" name="test_forgot_password_valid_email_returns_dev_token" time="0.602" /><testcase classname="backend.tests.test_new_features.TestForgotPassword" name="test_forgot_password_nonexistent_email_no_enumeration" time="0.147" /><testcase classname="backend.tests.test_new_features.TestForgotPassword" name="test_forgot_password_invalid_email_format" time="0.145" /><testcase classname="backend.tests.test_new_features.TestResetPassword" name="test_reset_password_short_password_rejected" time="0.308" /><testcase classname="backend.tests.test_new_features.TestResetPassword" name="test_reset_password_invalid_token" time="0.130" /><testcase classname="backend.tests.test_new_features.TestResetPassword" name="test_reset_password_valid_token_updates_password" time="1.367" /><testcase classname="backend.tests.test_new_features.TestResetPassword" name="test_reset_password_already_used_token" time="0.132" /><testcase classname="backend.tests.test_new_features.TestSalesReceipt" name="test_receipt_pdf_authenticated" time="1.047" /><testcase classname="backend.tests.test_new_features.TestSalesReceipt" name="test_receipt_pdf_unauthenticated" time="0.151" /><testcase classname="backend.tests.test_new_features.TestSalesReceipt" name="test_receipt_pdf_invalid_id" time="0.615" /><testcase classname="backend.tests.test_permissions_excel.TestPermissionsEndpoint" name="test_permissions_list" time="0.570" /><testcase classname="backend.tests.test_permissions_excel.TestPermissionsEndpoint" name="test_permissions_requires_auth" time="0.156" /><testcase classname="backend.tests.test_permissions_excel.TestAuthMePermissions" name="test_admin_has_all_perms" time="0.145" /><testcase classname="backend.tests.test_permissions_excel.TestAuthMePermissions" name="test_personel_has_default_perms" time="0.893" /><testcase classname="backend.tests.test_permissions_excel.TestAuthMePermissions" name="test_rapor_has_view_only_defaults" time="0.937" /><testcase classname="backend.tests.test_permissions_excel.TestRegisterDefaults" name="test_register_personel_has_default_perms" time="0.532" /><testcase classname="backend.tests.test_permissions_excel.TestUpdateUserPermissions" name="test_admin_can_set_custom_permissions" time="0.271" /><testcase classname="backend.tests.test_permissions_excel.TestUpdateUserPermissions" name="test_invalid_permission_key_rejected" time="0.132" /><testcase classname="backend.tests.test_permissions_excel.TestUpdateUserPermissions" name="test_non_admin_cannot_update_users" time="0.152" /><testcase classname="backend.tests.test_permissions_excel.TestPermissionGatedCRUD" name="test_personel_can_create_product" time="0.141" /><testcase classname="backend.tests.test_permissions_excel.TestPermissionGatedCRUD" name="test_personel_cannot_delete_product_by_default" time="0.733" /><testcase classname="backend.tests.test_permissions_excel.TestPermissionGatedCRUD" name="test_rapor_cannot_create_product" time="0.136" /><testcase classname="backend.tests.test_permissions_excel.TestExcelExports" name="test_export_unauth[/export/products.xlsx]" time="0.144" /><testcase classname="backend.tests.test_permissions_excel.TestExcelExports" name="test_export_unauth[/export/stock.xlsx]" time="0.116" /><testcase classname="backend.tests.test_permissions_excel.TestExcelExports" name="test_export_unauth[/export/sales.xlsx]" time="0.139" /><testcase classname="backend.tests.test_permissions_excel.TestExcelExports" name="test_export_unauth[/export/productions.xlsx]" time="0.132" /><testcase classname="backend.tests.test_permissions_excel.TestExcelExports" name="test_export_admin_returns_xlsx[/export/products.xlsx-urunler.xlsx]" time="0.170" /><testcase classname="backend.tests.test_permissions_excel.TestExcelExports" name="test_export_admin_returns_xlsx[/export/stock.xlsx-stok-raporu.xlsx]" time="0.160" /><testcase classname="backend.tests.test_permissions_excel.TestExcelExports" name="test_export_admin_returns_xlsx[/export/sales.xlsx-satislar.xlsx]" time="0.146" /><testcase classname="backend.tests.test_permissions_excel.TestExcelExports" name="test_export_admin_returns_xlsx[/export/productions.xlsx-uretim.xlsx]" time="0.140" /><testcase classname="backend.tests.test_permissions_excel.TestExcelExports" name="test_rapor_can_export_view_endpoints" time="0.592" /><testcase classname="backend.tests.test_permissions_excel.TestExcelExports" name="test_export_products_without_view_perm" time="0.848" /></testsuite></testsuites>